
Circuit 1 cell sky130_fd_pr__pfet_g5v0d10v5 and Circuit 2 cell sky130_fd_pr__pfet_g5v0d10v5 are black boxes.
Warning: Equate pins:  cell sky130_fd_pr__pfet_g5v0d10v5 is a placeholder, treated as a black box.
Warning: Equate pins:  cell sky130_fd_pr__pfet_g5v0d10v5 is a placeholder, treated as a black box.

Subcircuit pins:
Circuit 1: sky130_fd_pr__pfet_g5v0d10v5    |Circuit 2: sky130_fd_pr__pfet_g5v0d10v5    
-------------------------------------------|-------------------------------------------
1                                          |1                                          
2                                          |2                                          
3                                          |3                                          
4                                          |4                                          
---------------------------------------------------------------------------------------
Cell pin lists are equivalent.
Device classes sky130_fd_pr__pfet_g5v0d10v5 and sky130_fd_pr__pfet_g5v0d10v5 are equivalent.

Circuit 1 cell sky130_fd_pr__nfet_g5v0d10v5 and Circuit 2 cell sky130_fd_pr__nfet_g5v0d10v5 are black boxes.
Warning: Equate pins:  cell sky130_fd_pr__nfet_g5v0d10v5 is a placeholder, treated as a black box.
Warning: Equate pins:  cell sky130_fd_pr__nfet_g5v0d10v5 is a placeholder, treated as a black box.

Subcircuit pins:
Circuit 1: sky130_fd_pr__nfet_g5v0d10v5    |Circuit 2: sky130_fd_pr__nfet_g5v0d10v5    
-------------------------------------------|-------------------------------------------
1                                          |1                                          
2                                          |2                                          
3                                          |3                                          
4                                          |4                                          
---------------------------------------------------------------------------------------
Cell pin lists are equivalent.
Device classes sky130_fd_pr__nfet_g5v0d10v5 and sky130_fd_pr__nfet_g5v0d10v5 are equivalent.

Circuit 1 cell sky130_fd_pr__res_xhigh_po_0p69 and Circuit 2 cell sky130_fd_pr__res_xhigh_po_0p69 are black boxes.
Warning: Equate pins:  cell sky130_fd_pr__res_xhigh_po_0p69 is a placeholder, treated as a black box.
Warning: Equate pins:  cell sky130_fd_pr__res_xhigh_po_0p69 is a placeholder, treated as a black box.

Subcircuit pins:
Circuit 1: sky130_fd_pr__res_xhigh_po_0p69 |Circuit 2: sky130_fd_pr__res_xhigh_po_0p69 
-------------------------------------------|-------------------------------------------
1                                          |1                                          
2                                          |2                                          
3                                          |3                                          
---------------------------------------------------------------------------------------
Cell pin lists are equivalent.
Device classes sky130_fd_pr__res_xhigh_po_0p69 and sky130_fd_pr__res_xhigh_po_0p69 are equivalent.

Circuit 1 cell sky130_fd_pr__res_xhigh_po_1p41 and Circuit 2 cell sky130_fd_pr__res_xhigh_po_1p41 are black boxes.
Warning: Equate pins:  cell sky130_fd_pr__res_xhigh_po_1p41 is a placeholder, treated as a black box.
Warning: Equate pins:  cell sky130_fd_pr__res_xhigh_po_1p41 is a placeholder, treated as a black box.

Subcircuit pins:
Circuit 1: sky130_fd_pr__res_xhigh_po_1p41 |Circuit 2: sky130_fd_pr__res_xhigh_po_1p41 
-------------------------------------------|-------------------------------------------
1                                          |1                                          
2                                          |2                                          
3                                          |3                                          
---------------------------------------------------------------------------------------
Cell pin lists are equivalent.
Device classes sky130_fd_pr__res_xhigh_po_1p41 and sky130_fd_pr__res_xhigh_po_1p41 are equivalent.

Circuit 1 cell sky130_fd_pr__nfet_01v8 and Circuit 2 cell sky130_fd_pr__nfet_01v8 are black boxes.
Warning: Equate pins:  cell sky130_fd_pr__nfet_01v8 is a placeholder, treated as a black box.
Warning: Equate pins:  cell sky130_fd_pr__nfet_01v8 is a placeholder, treated as a black box.

Subcircuit pins:
Circuit 1: sky130_fd_pr__nfet_01v8         |Circuit 2: sky130_fd_pr__nfet_01v8         
-------------------------------------------|-------------------------------------------
1                                          |1                                          
2                                          |2                                          
3                                          |3                                          
4                                          |4                                          
---------------------------------------------------------------------------------------
Cell pin lists are equivalent.
Device classes sky130_fd_pr__nfet_01v8 and sky130_fd_pr__nfet_01v8 are equivalent.
Flattening unmatched subcell sky130_fd_pr__diode_pd2nw_11v0_AZAYX8 in circuit vthref (0)(1 instance)
Flattening unmatched subcell sky130_fd_pr__pfet_g5v0d10v5_E2L9FU in circuit vthref (0)(5 instances)
Flattening unmatched subcell sky130_fd_pr__nfet_g5v0d10v5_4N6WEG in circuit vthref (0)(3 instances)
Flattening unmatched subcell sky130_fd_pr__res_xhigh_po_0p69_XGV8ZL in circuit vthref (0)(1 instance)
Flattening unmatched subcell sky130_fd_pr__res_xhigh_po_1p41_QNNG5Y in circuit vthref (0)(1 instance)
Flattening unmatched subcell sky130_fd_pr__nfet_01v8_D2X39S in circuit vthref (0)(9 instances)
Flattening unmatched subcell sky130_fd_pr__nfet_g5v0d10v5_5RXK42 in circuit vthref (0)(1 instance)
Flattening unmatched subcell sky130_fd_pr__nfet_01v8_8LG9UZ in circuit vthref (0)(1 instance)
Flattening unmatched subcell sky130_fd_pr__nfet_g5v0d10v5_N98HAS in circuit vthref (0)(1 instance)

Class vthref (0):  Merged 37 parallel devices.
Class vthref (0):  Merged 5 series devices.
Subcircuit summary:
Circuit 1: vthref                          |Circuit 2: vthref                          
-------------------------------------------|-------------------------------------------
sky130_fd_pr__diode_pd2nw_11v0 (1)         |sky130_fd_pr__diode_pd2nw_11v0 (1)         
sky130_fd_pr__pfet_g5v0d10v5 (5)           |sky130_fd_pr__pfet_g5v0d10v5 (5)           
sky130_fd_pr__nfet_g5v0d10v5 (17->5)       |sky130_fd_pr__nfet_g5v0d10v5 (14->5)       
sky130_fd_pr__res_xhigh_po_0p69 (5->1)     |sky130_fd_pr__res_xhigh_po_0p69 (1)        
sky130_fd_pr__res_xhigh_po_1p41 (2->1)     |sky130_fd_pr__res_xhigh_po_1p41 (1)        
sky130_fd_pr__nfet_01v8 (29->4)            |sky130_fd_pr__nfet_01v8 (29->4)            
Number of devices: 17                      |Number of devices: 17                      
Number of nets: 13                         |Number of nets: 13                         
---------------------------------------------------------------------------------------
Netlists match uniquely with property errors.
sky130_fd_pr__diode_pd2nw_11v0_AZAYX8:DSU/sky130_fd_pr__diode_pd2nw_11v0:0 vs. sky130_fd_pr__diode_pd2nw_11v0:SU:
 area circuit1: 1e+12   circuit2: 1   (delta=200%, cutoff=2%)

Subcircuit pins:
Circuit 1: vthref                          |Circuit 2: vthref                          
-------------------------------------------|-------------------------------------------
ISINK                                      |ISINK                                      
ISOURCE                                    |ISOURCE                                    
VSS                                        |VSS                                        
VSOURCE                                    |VSOURCE                                    
VDD                                        |VDD                                        
VSINKT                                     |VSINKT                                     
VSINKB                                     |VSINKB                                     
---------------------------------------------------------------------------------------
Cell pin lists are equivalent.
Device classes vthref and vthref are equivalent.

Final result: Circuits match uniquely.
Property errors were found.

The following cells had property errors:
 vthref
